Running in Lattice mode


Starting:    C:\Program Files\iCEcube2.2014.12\synpbase\bin\mbin\synbatch.exe
Install:     C:\Program Files\iCEcube2.2014.12\synpbase
Hostname:    MPNT925109O
Date:        Wed Jun 24 16:33:37 2015
Version:     J-2014.09L

Arguments:   -product synplify_pro  -batch SimpleVGA_iCEstick_syn.prj
ProductType: synplify_pro





log file: "U:\SimpleVGA_iCEstick\SimpleVGA_iCEstick_Implmnt\SimpleVGA_iCEstick.srr"

Running SimpleVGA_iCEstick_syn|SimpleVGA_iCEstick_Implmnt

Running: Compile on SimpleVGA_iCEstick_syn|SimpleVGA_iCEstick_Implmnt

Running: Compile Process on SimpleVGA_iCEstick_syn|SimpleVGA_iCEstick_Implmnt

Running: Compile Input on SimpleVGA_iCEstick_syn|SimpleVGA_iCEstick_Implmnt
Copied U:\SimpleVGA_iCEstick\SimpleVGA_iCEstick_Implmnt\synwork\SimpleVGA_iCEstick_comp.srs to U:\SimpleVGA_iCEstick\SimpleVGA_iCEstick_Implmnt\SimpleVGA_iCEstick.srs

compiler Completed
Return Code: 0
Run Time:0h:00m:03s

Running: Multi-srs Generator on SimpleVGA_iCEstick_syn|SimpleVGA_iCEstick_Implmnt
Copied U:\SimpleVGA_iCEstick\SimpleVGA_iCEstick_Implmnt\synwork\SimpleVGA_iCEstick_comp.srs to U:\SimpleVGA_iCEstick\SimpleVGA_iCEstick_Implmnt\synwork\SimpleVGA_iCEstick_s.srs

multi_srs_gen Completed
Return Code: 0
Run Time:0h:00m:00s
Copied U:\SimpleVGA_iCEstick\SimpleVGA_iCEstick_Implmnt\synwork\SimpleVGA_iCEstick_mult.srs to U:\SimpleVGA_iCEstick\SimpleVGA_iCEstick_Implmnt\SimpleVGA_iCEstick.srs
Complete: Compile Process on SimpleVGA_iCEstick_syn|SimpleVGA_iCEstick_Implmnt

Running: Pre-mapping on SimpleVGA_iCEstick_syn|SimpleVGA_iCEstick_Implmnt
Copied U:\SimpleVGA_iCEstick\SimpleVGA_iCEstick_Implmnt\SimpleVGA_iCEstick.sap to U:\SimpleVGA_iCEstick\SimpleVGA_iCEstick_Implmnt\synwork\SimpleVGA_iCEstick_s.sap
Copied U:\SimpleVGA_iCEstick\SimpleVGA_iCEstick_Implmnt\SimpleVGA_iCEstick.fse to U:\SimpleVGA_iCEstick\SimpleVGA_iCEstick_Implmnt\synwork\SimpleVGA_iCEstick_s.fse

premap Completed with warnings
Return Code: 1
Run Time:0h:00m:01s
Complete: Compile on SimpleVGA_iCEstick_syn|SimpleVGA_iCEstick_Implmnt

Running: Map on SimpleVGA_iCEstick_syn|SimpleVGA_iCEstick_Implmnt

Running: Map & Optimize on SimpleVGA_iCEstick_syn|SimpleVGA_iCEstick_Implmnt
Copied U:\SimpleVGA_iCEstick\SimpleVGA_iCEstick_Implmnt\synwork\SimpleVGA_iCEstick_m.srm to U:\SimpleVGA_iCEstick\SimpleVGA_iCEstick_Implmnt\SimpleVGA_iCEstick.srm

fpga_mapper Completed with warnings
Return Code: 1
Run Time:0h:00m:17s
Complete: Map on SimpleVGA_iCEstick_syn|SimpleVGA_iCEstick_Implmnt
Complete: Logic Synthesis on SimpleVGA_iCEstick_syn|SimpleVGA_iCEstick_Implmnt

exit status=0

exit status=0

