Active-HDL 9.3.2744.sp1.09.4995  2015-05-27 19:00:03

Elaboration top modules:
Architecture                  main(SimpleVGA)


----------------------------------------------------------------------------------------------------
Entity    | Architecture | Library   | Info | Compiler Version                | Compilation Options
----------------------------------------------------------------------------------------------------
SimpleVGA | main         | simplevga |      | 9.3.2744.sp1.09.4995  (Windows) | -O3
----------------------------------------------------------------------------------------------------

----------------------------------------------------------------------------------------------------
VHDL Package             | Library   | Info | Compiler Version                | Compilation Options
----------------------------------------------------------------------------------------------------
standard                 | std       |      |                                 | 
TEXTIO                   | std       |      | 9.3.2744.sp1.09.4995  (Windows) |  -2008
std_logic_1164           | ieee      |      | 9.3.2744.sp1.09.4995  (Windows) |  -2008
std_logic_arith          | ieee      |      | 9.3.2744.sp1.09.4995  (Windows) | 
----------------------------------------------------------------------------------------------------

----------------------------------------------------------------------------------------------------
Library                  | Comment
----------------------------------------------------------------------------------------------------
ieee                     | Standard IEEE packages library
simplevga                | None
std                      | Standard VHDL library
----------------------------------------------------------------------------------------------------


Simulation Options: asim -O5 -L ovi_ice -L ice +access +r +m+SimpleVGA SimpleVGA main


The performance of simulation is reduced. Version Lattice Edition
